<?xml version="1.0" encoding="UTF-8"?>
<coverage generated="1717179528246" clover="3.2.0">
  <project timestamp="1717179528246" name="All files">
    <metrics statements="69" coveredstatements="69" conditionals="14" coveredconditionals="14" methods="22" coveredmethods="22" elements="105" coveredelements="105" complexity="0" loc="69" ncloc="69" packages="1" files="1" classes="1"/>
    <file name="DataManager.ts" path="G:\Github\tradingbot\src\data_management\DataManager.ts">
      <metrics statements="69" coveredstatements="69" conditionals="14" coveredconditionals="14" methods="22" coveredmethods="22"/>
      <line num="17" count="2" type="stmt"/>
      <line num="33" count="20" type="stmt"/>
      <line num="34" count="20" type="stmt"/>
      <line num="35" count="20" type="stmt"/>
      <line num="41" count="20" type="stmt"/>
      <line num="42" count="20" type="stmt"/>
      <line num="43" count="20" type="stmt"/>
      <line num="44" count="20" type="stmt"/>
      <line num="45" count="20" type="stmt"/>
      <line num="46" count="20" type="stmt"/>
      <line num="47" count="20" type="stmt"/>
      <line num="48" count="20" type="stmt"/>
      <line num="49" count="20" type="stmt"/>
      <line num="50" count="20" type="stmt"/>
      <line num="58" count="1" type="stmt"/>
      <line num="62" count="1" type="stmt"/>
      <line num="66" count="7" type="stmt"/>
      <line num="70" count="7" type="stmt"/>
      <line num="74" count="6" type="stmt"/>
      <line num="78" count="2" type="stmt"/>
      <line num="82" count="2" type="stmt"/>
      <line num="86" count="1" type="stmt"/>
      <line num="90" count="6" type="stmt"/>
      <line num="94" count="6" type="stmt"/>
      <line num="95" count="6" type="stmt"/>
      <line num="96" count="6" type="stmt"/>
      <line num="105" count="1" type="stmt"/>
      <line num="106" count="1" type="stmt"/>
      <line num="107" count="1" type="stmt"/>
      <line num="111" count="14" type="stmt"/>
      <line num="112" count="14" type="cond" truecount="1" falsecount="0"/>
      <line num="113" count="5" type="stmt"/>
      <line num="114" count="5" type="stmt"/>
      <line num="117" count="14" type="cond" truecount="1" falsecount="0"/>
      <line num="118" count="2" type="stmt"/>
      <line num="124" count="1" type="stmt"/>
      <line num="126" count="1" type="stmt"/>
      <line num="130" count="8" type="stmt"/>
      <line num="132" count="8" type="cond" truecount="2" falsecount="0"/>
      <line num="133" count="8" type="cond" truecount="2" falsecount="0"/>
      <line num="134" count="2" type="cond" truecount="2" falsecount="0"/>
      <line num="136" count="6" type="cond" truecount="2" falsecount="0"/>
      <line num="141" count="1" type="stmt"/>
      <line num="151" count="2" type="stmt"/>
      <line num="152" count="2" type="stmt"/>
      <line num="159" count="2" type="stmt"/>
      <line num="164" count="2" type="stmt"/>
      <line num="167" count="26" type="stmt"/>
      <line num="168" count="26" type="stmt"/>
      <line num="171" count="26" type="stmt"/>
      <line num="172" count="26" type="stmt"/>
      <line num="176" count="23" type="stmt"/>
      <line num="177" count="23" type="stmt"/>
      <line num="178" count="23" type="cond" truecount="2" falsecount="0"/>
      <line num="179" count="22" type="stmt"/>
      <line num="181" count="1" type="stmt"/>
      <line num="187" count="14" type="cond" truecount="1" falsecount="0"/>
      <line num="188" count="13" type="stmt"/>
      <line num="189" count="13" type="stmt"/>
      <line num="190" count="45" type="stmt"/>
      <line num="193" count="13" type="stmt"/>
      <line num="197" count="9" type="cond" truecount="1" falsecount="0"/>
      <line num="199" count="5" type="stmt"/>
      <line num="200" count="5" type="stmt"/>
      <line num="202" count="5" type="stmt"/>
      <line num="203" count="19" type="stmt"/>
      <line num="204" count="19" type="stmt"/>
      <line num="207" count="5" type="stmt"/>
      <line num="208" count="5" type="stmt"/>
    </file>
  </project>
</coverage>
