<?xml version="1.0" encoding="UTF-8"?>
<coverage generated="1717120119105" clover="3.2.0">
  <project timestamp="1717120119105" name="All files">
    <metrics statements="71" coveredstatements="64" conditionals="14" coveredconditionals="8" methods="23" coveredmethods="19" elements="108" coveredelements="91" complexity="0" loc="71" ncloc="71" packages="1" files="1" classes="1"/>
    <file name="DataManager.ts" path="G:\Github\tradingbot\src\data_management\DataManager.ts">
      <metrics statements="71" coveredstatements="64" conditionals="14" coveredconditionals="8" methods="23" coveredmethods="19"/>
      <line num="17" count="2" type="stmt"/>
      <line num="33" count="13" type="stmt"/>
      <line num="34" count="13" type="stmt"/>
      <line num="35" count="13" type="stmt"/>
      <line num="41" count="13" type="stmt"/>
      <line num="42" count="13" type="stmt"/>
      <line num="43" count="13" type="stmt"/>
      <line num="44" count="13" type="stmt"/>
      <line num="45" count="13" type="stmt"/>
      <line num="46" count="13" type="stmt"/>
      <line num="47" count="13" type="stmt"/>
      <line num="48" count="13" type="stmt"/>
      <line num="49" count="13" type="stmt"/>
      <line num="50" count="13" type="stmt"/>
      <line num="58" count="1" type="stmt"/>
      <line num="62" count="0" type="stmt"/>
      <line num="66" count="0" type="stmt"/>
      <line num="67" count="0" type="stmt"/>
      <line num="71" count="7" type="stmt"/>
      <line num="75" count="7" type="stmt"/>
      <line num="79" count="6" type="stmt"/>
      <line num="83" count="2" type="stmt"/>
      <line num="87" count="2" type="stmt"/>
      <line num="91" count="1" type="stmt"/>
      <line num="95" count="1" type="stmt"/>
      <line num="99" count="6" type="stmt"/>
      <line num="100" count="6" type="stmt"/>
      <line num="101" count="6" type="stmt"/>
      <line num="110" count="0" type="stmt"/>
      <line num="111" count="0" type="stmt"/>
      <line num="112" count="0" type="stmt"/>
      <line num="116" count="13" type="stmt"/>
      <line num="117" count="13" type="cond" truecount="1" falsecount="0"/>
      <line num="118" count="4" type="stmt"/>
      <line num="119" count="4" type="stmt"/>
      <line num="122" count="13" type="cond" truecount="1" falsecount="0"/>
      <line num="123" count="2" type="stmt"/>
      <line num="129" count="1" type="stmt"/>
      <line num="131" count="1" type="stmt"/>
      <line num="135" count="1" type="stmt"/>
      <line num="137" count="1" type="cond" truecount="0" falsecount="2"/>
      <line num="138" count="1" type="cond" truecount="1" falsecount="1"/>
      <line num="139" count="0" type="cond" truecount="0" falsecount="2"/>
      <line num="141" count="1" type="cond" truecount="1" falsecount="1"/>
      <line num="146" count="1" type="stmt"/>
      <line num="156" count="1" type="stmt"/>
      <line num="157" count="1" type="stmt"/>
      <line num="164" count="1" type="stmt"/>
      <line num="169" count="2" type="stmt"/>
      <line num="172" count="19" type="stmt"/>
      <line num="173" count="19" type="stmt"/>
      <line num="176" count="19" type="stmt"/>
      <line num="177" count="19" type="stmt"/>
      <line num="181" count="23" type="stmt"/>
      <line num="182" count="23" type="stmt"/>
      <line num="183" count="23" type="cond" truecount="2" falsecount="0"/>
      <line num="184" count="22" type="stmt"/>
      <line num="186" count="1" type="stmt"/>
      <line num="192" count="14" type="cond" truecount="1" falsecount="0"/>
      <line num="193" count="13" type="stmt"/>
      <line num="194" count="13" type="stmt"/>
      <line num="195" count="45" type="stmt"/>
      <line num="198" count="13" type="stmt"/>
      <line num="202" count="9" type="cond" truecount="1" falsecount="0"/>
      <line num="204" count="5" type="stmt"/>
      <line num="205" count="5" type="stmt"/>
      <line num="207" count="5" type="stmt"/>
      <line num="208" count="19" type="stmt"/>
      <line num="209" count="19" type="stmt"/>
      <line num="212" count="5" type="stmt"/>
      <line num="213" count="5" type="stmt"/>
    </file>
  </project>
</coverage>
