{"G:\\Github\\tradingbot\\src\\data_management\\DataManager.ts": {"path":"G:\\Github\\tradingbot\\src\\data_management\\DataManager.ts","statementMap":{"0":{"start":{"line":33,"column":4},"end":{"line":33,"column":17}},"1":{"start":{"line":34,"column":4},"end":{"line":34,"column":40}},"2":{"start":{"line":35,"column":4},"end":{"line":40,"column":6}},"3":{"start":{"line":41,"column":4},"end":{"line":41,"column":41}},"4":{"start":{"line":42,"column":4},"end":{"line":42,"column":41}},"5":{"start":{"line":43,"column":4},"end":{"line":43,"column":47}},"6":{"start":{"line":44,"column":4},"end":{"line":44,"column":24}},"7":{"start":{"line":45,"column":4},"end":{"line":45,"column":23}},"8":{"start":{"line":46,"column":4},"end":{"line":46,"column":24}},"9":{"start":{"line":47,"column":4},"end":{"line":47,"column":19}},"10":{"start":{"line":48,"column":4},"end":{"line":48,"column":22}},"11":{"start":{"line":49,"column":4},"end":{"line":49,"column":26}},"12":{"start":{"line":50,"column":4},"end":{"line":50,"column":25}},"13":{"start":{"line":58,"column":4},"end":{"line":58,"column":31}},"14":{"start":{"line":62,"column":4},"end":{"line":62,"column":31}},"15":{"start":{"line":66,"column":4},"end":{"line":66,"column":27}},"16":{"start":{"line":70,"column":4},"end":{"line":70,"column":26}},"17":{"start":{"line":74,"column":4},"end":{"line":74,"column":29}},"18":{"start":{"line":78,"column":4},"end":{"line":78,"column":22}},"19":{"start":{"line":82,"column":4},"end":{"line":82,"column":25}},"20":{"start":{"line":86,"column":4},"end":{"line":86,"column":28}},"21":{"start":{"line":90,"column":4},"end":{"line":90,"column":26}},"22":{"start":{"line":94,"column":4},"end":{"line":94,"column":34}},"23":{"start":{"line":95,"column":4},"end":{"line":95,"column":51}},"24":{"start":{"line":96,"column":4},"end":{"line":96,"column":56}},"25":{"start":{"line":105,"column":4},"end":{"line":105,"column":49}},"26":{"start":{"line":106,"column":4},"end":{"line":106,"column":37}},"27":{"start":{"line":107,"column":4},"end":{"line":107,"column":27}},"28":{"start":{"line":111,"column":4},"end":{"line":111,"column":53}},"29":{"start":{"line":112,"column":4},"end":{"line":115,"column":5}},"30":{"start":{"line":113,"column":6},"end":{"line":113,"column":39}},"31":{"start":{"line":114,"column":6},"end":{"line":114,"column":30}},"32":{"start":{"line":117,"column":4},"end":{"line":119,"column":5}},"33":{"start":{"line":118,"column":6},"end":{"line":118,"column":32}},"34":{"start":{"line":124,"column":4},"end":{"line":124,"column":51}},"35":{"start":{"line":126,"column":4},"end":{"line":126,"column":19}},"36":{"start":{"line":130,"column":4},"end":{"line":130,"column":75}},"37":{"start":{"line":132,"column":18},"end":{"line":132,"column":111}},"38":{"start":{"line":132,"column":48},"end":{"line":132,"column":110}},"39":{"start":{"line":133,"column":4},"end":{"line":137,"column":5}},"40":{"start":{"line":134,"column":6},"end":{"line":134,"column":85}},"41":{"start":{"line":136,"column":6},"end":{"line":136,"column":82}},"42":{"start":{"line":141,"column":4},"end":{"line":141,"column":46}},"43":{"start":{"line":151,"column":52},"end":{"line":151,"column":65}},"44":{"start":{"line":152,"column":21},"end":{"line":157,"column":6}},"45":{"start":{"line":159,"column":4},"end":{"line":159,"column":58}},"46":{"start":{"line":17,"column":0},"end":{"line":17,"column":13}},"47":{"start":{"line":167,"column":10},"end":{"line":167,"column":28}},"48":{"start":{"line":168,"column":10},"end":{"line":168,"column":28}},"49":{"start":{"line":171,"column":4},"end":{"line":171,"column":29}},"50":{"start":{"line":172,"column":4},"end":{"line":172,"column":43}},"51":{"start":{"line":176,"column":16},"end":{"line":176,"column":57}},"52":{"start":{"line":177,"column":4},"end":{"line":177,"column":28}},"53":{"start":{"line":178,"column":4},"end":{"line":182,"column":5}},"54":{"start":{"line":179,"column":6},"end":{"line":179,"column":19}},"55":{"start":{"line":181,"column":6},"end":{"line":181,"column":52}},"56":{"start":{"line":187,"column":4},"end":{"line":187,"column":35}},"57":{"start":{"line":187,"column":26},"end":{"line":187,"column":35}},"58":{"start":{"line":188,"column":14},"end":{"line":188,"column":15}},"59":{"start":{"line":189,"column":4},"end":{"line":191,"column":5}},"60":{"start":{"line":189,"column":17},"end":{"line":189,"column":18}},"61":{"start":{"line":190,"column":6},"end":{"line":190,"column":56}},"62":{"start":{"line":193,"column":4},"end":{"line":193,"column":28}},"63":{"start":{"line":197,"column":4},"end":{"line":197,"column":33}},"64":{"start":{"line":197,"column":24},"end":{"line":197,"column":33}},"65":{"start":{"line":199,"column":17},"end":{"line":199,"column":36}},"66":{"start":{"line":200,"column":19},"end":{"line":200,"column":20}},"67":{"start":{"line":202,"column":4},"end":{"line":205,"column":5}},"68":{"start":{"line":202,"column":17},"end":{"line":202,"column":18}},"69":{"start":{"line":203,"column":17},"end":{"line":203,"column":66}},"70":{"start":{"line":204,"column":6},"end":{"line":204,"column":30}},"71":{"start":{"line":207,"column":4},"end":{"line":207,"column":33}},"72":{"start":{"line":208,"column":4},"end":{"line":208,"column":31}},"73":{"start":{"line":164,"column":0},"end":{"line":164,"column":13}}},"fnMap":{"0":{"name":"(anonymous_0)","decl":{"start":{"line":32,"column":2},"end":{"line":32,"column":14}},"loc":{"start":{"line":32,"column":83},"end":{"line":51,"column":3}}},"1":{"name":"(anonymous_1)","decl":{"start":{"line":57,"column":2},"end":{"line":57,"column":19}},"loc":{"start":{"line":57,"column":19},"end":{"line":59,"column":3}}},"2":{"name":"(anonymous_2)","decl":{"start":{"line":61,"column":2},"end":{"line":61,"column":19}},"loc":{"start":{"line":61,"column":19},"end":{"line":63,"column":3}}},"3":{"name":"(anonymous_3)","decl":{"start":{"line":65,"column":2},"end":{"line":65,"column":15}},"loc":{"start":{"line":65,"column":15},"end":{"line":67,"column":3}}},"4":{"name":"(anonymous_4)","decl":{"start":{"line":69,"column":2},"end":{"line":69,"column":14}},"loc":{"start":{"line":69,"column":14},"end":{"line":71,"column":3}}},"5":{"name":"(anonymous_5)","decl":{"start":{"line":73,"column":2},"end":{"line":73,"column":17}},"loc":{"start":{"line":73,"column":17},"end":{"line":75,"column":3}}},"6":{"name":"(anonymous_6)","decl":{"start":{"line":77,"column":2},"end":{"line":77,"column":13}},"loc":{"start":{"line":77,"column":13},"end":{"line":79,"column":3}}},"7":{"name":"(anonymous_7)","decl":{"start":{"line":81,"column":2},"end":{"line":81,"column":16}},"loc":{"start":{"line":81,"column":16},"end":{"line":83,"column":3}}},"8":{"name":"(anonymous_8)","decl":{"start":{"line":85,"column":2},"end":{"line":85,"column":16}},"loc":{"start":{"line":85,"column":16},"end":{"line":87,"column":3}}},"9":{"name":"(anonymous_9)","decl":{"start":{"line":89,"column":2},"end":{"line":89,"column":14}},"loc":{"start":{"line":89,"column":14},"end":{"line":91,"column":3}}},"10":{"name":"(anonymous_10)","decl":{"start":{"line":93,"column":2},"end":{"line":93,"column":18}},"loc":{"start":{"line":93,"column":32},"end":{"line":97,"column":3}}},"11":{"name":"(anonymous_11)","decl":{"start":{"line":104,"column":2},"end":{"line":104,"column":18}},"loc":{"start":{"line":104,"column":18},"end":{"line":108,"column":3}}},"12":{"name":"(anonymous_12)","decl":{"start":{"line":110,"column":2},"end":{"line":110,"column":19}},"loc":{"start":{"line":110,"column":80},"end":{"line":120,"column":3}}},"13":{"name":"(anonymous_13)","decl":{"start":{"line":123,"column":2},"end":{"line":123,"column":19}},"loc":{"start":{"line":123,"column":35},"end":{"line":127,"column":3}}},"14":{"name":"(anonymous_14)","decl":{"start":{"line":129,"column":2},"end":{"line":129,"column":22}},"loc":{"start":{"line":129,"column":94},"end":{"line":138,"column":3}}},"15":{"name":"(anonymous_15)","decl":{"start":{"line":132,"column":43},"end":{"line":132,"column":44}},"loc":{"start":{"line":132,"column":48},"end":{"line":132,"column":110}}},"16":{"name":"(anonymous_16)","decl":{"start":{"line":140,"column":2},"end":{"line":140,"column":19}},"loc":{"start":{"line":140,"column":19},"end":{"line":142,"column":3}}},"17":{"name":"(anonymous_17)","decl":{"start":{"line":150,"column":2},"end":{"line":150,"column":17}},"loc":{"start":{"line":150,"column":31},"end":{"line":160,"column":3}}},"18":{"name":"(anonymous_18)","decl":{"start":{"line":170,"column":2},"end":{"line":170,"column":14}},"loc":{"start":{"line":170,"column":30},"end":{"line":173,"column":3}}},"19":{"name":"(anonymous_19)","decl":{"start":{"line":175,"column":2},"end":{"line":175,"column":5}},"loc":{"start":{"line":175,"column":19},"end":{"line":183,"column":3}}},"20":{"name":"(anonymous_20)","decl":{"start":{"line":186,"column":2},"end":{"line":186,"column":14}},"loc":{"start":{"line":186,"column":14},"end":{"line":194,"column":3}}},"21":{"name":"(anonymous_21)","decl":{"start":{"line":196,"column":2},"end":{"line":196,"column":16}},"loc":{"start":{"line":196,"column":16},"end":{"line":209,"column":3}}}},"branchMap":{"0":{"loc":{"start":{"line":112,"column":4},"end":{"line":115,"column":5}},"type":"if","locations":[{"start":{"line":112,"column":4},"end":{"line":115,"column":5}}]},"1":{"loc":{"start":{"line":117,"column":4},"end":{"line":119,"column":5}},"type":"if","locations":[{"start":{"line":117,"column":4},"end":{"line":119,"column":5}}]},"2":{"loc":{"start":{"line":132,"column":48},"end":{"line":132,"column":110}},"type":"binary-expr","locations":[{"start":{"line":132,"column":48},"end":{"line":132,"column":85}},{"start":{"line":132,"column":89},"end":{"line":132,"column":110}}]},"3":{"loc":{"start":{"line":133,"column":4},"end":{"line":137,"column":5}},"type":"if","locations":[{"start":{"line":133,"column":4},"end":{"line":137,"column":5}},{"start":{"line":135,"column":11},"end":{"line":137,"column":5}}]},"4":{"loc":{"start":{"line":134,"column":70},"end":{"line":134,"column":82}},"type":"binary-expr","locations":[{"start":{"line":134,"column":70},"end":{"line":134,"column":77}},{"start":{"line":134,"column":81},"end":{"line":134,"column":82}}]},"5":{"loc":{"start":{"line":136,"column":66},"end":{"line":136,"column":78}},"type":"binary-expr","locations":[{"start":{"line":136,"column":66},"end":{"line":136,"column":73}},{"start":{"line":136,"column":77},"end":{"line":136,"column":78}}]},"6":{"loc":{"start":{"line":178,"column":4},"end":{"line":182,"column":5}},"type":"if","locations":[{"start":{"line":178,"column":4},"end":{"line":182,"column":5}},{"start":{"line":180,"column":11},"end":{"line":182,"column":5}}]},"7":{"loc":{"start":{"line":187,"column":4},"end":{"line":187,"column":35}},"type":"if","locations":[{"start":{"line":187,"column":4},"end":{"line":187,"column":35}}]},"8":{"loc":{"start":{"line":197,"column":4},"end":{"line":197,"column":33}},"type":"if","locations":[{"start":{"line":197,"column":4},"end":{"line":197,"column":33}}]}},"s":{"0":20,"1":20,"2":20,"3":20,"4":20,"5":20,"6":20,"7":20,"8":20,"9":20,"10":20,"11":20,"12":20,"13":1,"14":1,"15":7,"16":7,"17":6,"18":2,"19":2,"20":1,"21":6,"22":6,"23":6,"24":6,"25":1,"26":1,"27":1,"28":14,"29":14,"30":5,"31":5,"32":14,"33":2,"34":1,"35":1,"36":8,"37":8,"38":3,"39":8,"40":2,"41":6,"42":1,"43":2,"44":2,"45":2,"46":2,"47":26,"48":26,"49":26,"50":26,"51":23,"52":23,"53":23,"54":22,"55":1,"56":14,"57":1,"58":13,"59":13,"60":13,"61":45,"62":13,"63":9,"64":4,"65":5,"66":5,"67":5,"68":5,"69":19,"70":19,"71":5,"72":5,"73":2},"f":{"0":20,"1":1,"2":1,"3":7,"4":7,"5":6,"6":2,"7":2,"8":1,"9":6,"10":6,"11":1,"12":14,"13":1,"14":8,"15":3,"16":1,"17":2,"18":26,"19":23,"20":14,"21":9},"b":{"0":[5],"1":[2],"2":[3,2],"3":[2,6],"4":[2,1],"5":[6,1],"6":[22,1],"7":[1],"8":[4]}}
}
