{"G:\\Github\\tradingbot\\src\\data_management\\DataManager.ts": {"path":"G:\\Github\\tradingbot\\src\\data_management\\DataManager.ts","statementMap":{"0":{"start":{"line":33,"column":4},"end":{"line":33,"column":17}},"1":{"start":{"line":34,"column":4},"end":{"line":34,"column":40}},"2":{"start":{"line":35,"column":4},"end":{"line":40,"column":6}},"3":{"start":{"line":41,"column":4},"end":{"line":41,"column":41}},"4":{"start":{"line":42,"column":4},"end":{"line":42,"column":41}},"5":{"start":{"line":43,"column":4},"end":{"line":43,"column":47}},"6":{"start":{"line":44,"column":4},"end":{"line":44,"column":24}},"7":{"start":{"line":45,"column":4},"end":{"line":45,"column":23}},"8":{"start":{"line":46,"column":4},"end":{"line":46,"column":24}},"9":{"start":{"line":47,"column":4},"end":{"line":47,"column":19}},"10":{"start":{"line":48,"column":4},"end":{"line":48,"column":22}},"11":{"start":{"line":49,"column":4},"end":{"line":49,"column":26}},"12":{"start":{"line":50,"column":4},"end":{"line":50,"column":25}},"13":{"start":{"line":58,"column":4},"end":{"line":58,"column":31}},"14":{"start":{"line":62,"column":4},"end":{"line":62,"column":31}},"15":{"start":{"line":66,"column":4},"end":{"line":66,"column":35}},"16":{"start":{"line":67,"column":4},"end":{"line":67,"column":67}},"17":{"start":{"line":71,"column":4},"end":{"line":71,"column":27}},"18":{"start":{"line":75,"column":4},"end":{"line":75,"column":26}},"19":{"start":{"line":79,"column":4},"end":{"line":79,"column":29}},"20":{"start":{"line":83,"column":4},"end":{"line":83,"column":22}},"21":{"start":{"line":87,"column":4},"end":{"line":87,"column":25}},"22":{"start":{"line":91,"column":4},"end":{"line":91,"column":28}},"23":{"start":{"line":95,"column":4},"end":{"line":95,"column":26}},"24":{"start":{"line":99,"column":4},"end":{"line":99,"column":34}},"25":{"start":{"line":100,"column":4},"end":{"line":100,"column":51}},"26":{"start":{"line":101,"column":4},"end":{"line":101,"column":56}},"27":{"start":{"line":110,"column":4},"end":{"line":110,"column":49}},"28":{"start":{"line":111,"column":4},"end":{"line":111,"column":37}},"29":{"start":{"line":112,"column":4},"end":{"line":112,"column":27}},"30":{"start":{"line":116,"column":4},"end":{"line":116,"column":53}},"31":{"start":{"line":117,"column":4},"end":{"line":120,"column":5}},"32":{"start":{"line":118,"column":6},"end":{"line":118,"column":39}},"33":{"start":{"line":119,"column":6},"end":{"line":119,"column":30}},"34":{"start":{"line":122,"column":4},"end":{"line":124,"column":5}},"35":{"start":{"line":123,"column":6},"end":{"line":123,"column":32}},"36":{"start":{"line":129,"column":4},"end":{"line":129,"column":51}},"37":{"start":{"line":131,"column":4},"end":{"line":131,"column":19}},"38":{"start":{"line":135,"column":4},"end":{"line":135,"column":75}},"39":{"start":{"line":137,"column":18},"end":{"line":137,"column":111}},"40":{"start":{"line":137,"column":48},"end":{"line":137,"column":110}},"41":{"start":{"line":138,"column":4},"end":{"line":142,"column":5}},"42":{"start":{"line":139,"column":6},"end":{"line":139,"column":85}},"43":{"start":{"line":141,"column":6},"end":{"line":141,"column":82}},"44":{"start":{"line":146,"column":4},"end":{"line":146,"column":46}},"45":{"start":{"line":156,"column":52},"end":{"line":156,"column":65}},"46":{"start":{"line":157,"column":21},"end":{"line":162,"column":6}},"47":{"start":{"line":164,"column":4},"end":{"line":164,"column":58}},"48":{"start":{"line":17,"column":0},"end":{"line":17,"column":13}},"49":{"start":{"line":172,"column":10},"end":{"line":172,"column":28}},"50":{"start":{"line":173,"column":10},"end":{"line":173,"column":28}},"51":{"start":{"line":176,"column":4},"end":{"line":176,"column":29}},"52":{"start":{"line":177,"column":4},"end":{"line":177,"column":43}},"53":{"start":{"line":181,"column":16},"end":{"line":181,"column":57}},"54":{"start":{"line":182,"column":4},"end":{"line":182,"column":28}},"55":{"start":{"line":183,"column":4},"end":{"line":187,"column":5}},"56":{"start":{"line":184,"column":6},"end":{"line":184,"column":19}},"57":{"start":{"line":186,"column":6},"end":{"line":186,"column":52}},"58":{"start":{"line":192,"column":4},"end":{"line":192,"column":35}},"59":{"start":{"line":192,"column":26},"end":{"line":192,"column":35}},"60":{"start":{"line":193,"column":14},"end":{"line":193,"column":15}},"61":{"start":{"line":194,"column":4},"end":{"line":196,"column":5}},"62":{"start":{"line":194,"column":17},"end":{"line":194,"column":18}},"63":{"start":{"line":195,"column":6},"end":{"line":195,"column":56}},"64":{"start":{"line":198,"column":4},"end":{"line":198,"column":28}},"65":{"start":{"line":202,"column":4},"end":{"line":202,"column":33}},"66":{"start":{"line":202,"column":24},"end":{"line":202,"column":33}},"67":{"start":{"line":204,"column":17},"end":{"line":204,"column":36}},"68":{"start":{"line":205,"column":19},"end":{"line":205,"column":20}},"69":{"start":{"line":207,"column":4},"end":{"line":210,"column":5}},"70":{"start":{"line":207,"column":17},"end":{"line":207,"column":18}},"71":{"start":{"line":208,"column":17},"end":{"line":208,"column":66}},"72":{"start":{"line":209,"column":6},"end":{"line":209,"column":30}},"73":{"start":{"line":212,"column":4},"end":{"line":212,"column":33}},"74":{"start":{"line":213,"column":4},"end":{"line":213,"column":31}},"75":{"start":{"line":169,"column":0},"end":{"line":169,"column":13}}},"fnMap":{"0":{"name":"(anonymous_0)","decl":{"start":{"line":32,"column":2},"end":{"line":32,"column":14}},"loc":{"start":{"line":32,"column":83},"end":{"line":51,"column":3}}},"1":{"name":"(anonymous_1)","decl":{"start":{"line":57,"column":2},"end":{"line":57,"column":19}},"loc":{"start":{"line":57,"column":19},"end":{"line":59,"column":3}}},"2":{"name":"(anonymous_2)","decl":{"start":{"line":61,"column":2},"end":{"line":61,"column":19}},"loc":{"start":{"line":61,"column":19},"end":{"line":63,"column":3}}},"3":{"name":"(anonymous_3)","decl":{"start":{"line":65,"column":2},"end":{"line":65,"column":19}},"loc":{"start":{"line":65,"column":35},"end":{"line":68,"column":3}}},"4":{"name":"(anonymous_4)","decl":{"start":{"line":70,"column":2},"end":{"line":70,"column":15}},"loc":{"start":{"line":70,"column":15},"end":{"line":72,"column":3}}},"5":{"name":"(anonymous_5)","decl":{"start":{"line":74,"column":2},"end":{"line":74,"column":14}},"loc":{"start":{"line":74,"column":14},"end":{"line":76,"column":3}}},"6":{"name":"(anonymous_6)","decl":{"start":{"line":78,"column":2},"end":{"line":78,"column":17}},"loc":{"start":{"line":78,"column":17},"end":{"line":80,"column":3}}},"7":{"name":"(anonymous_7)","decl":{"start":{"line":82,"column":2},"end":{"line":82,"column":13}},"loc":{"start":{"line":82,"column":13},"end":{"line":84,"column":3}}},"8":{"name":"(anonymous_8)","decl":{"start":{"line":86,"column":2},"end":{"line":86,"column":16}},"loc":{"start":{"line":86,"column":16},"end":{"line":88,"column":3}}},"9":{"name":"(anonymous_9)","decl":{"start":{"line":90,"column":2},"end":{"line":90,"column":16}},"loc":{"start":{"line":90,"column":16},"end":{"line":92,"column":3}}},"10":{"name":"(anonymous_10)","decl":{"start":{"line":94,"column":2},"end":{"line":94,"column":14}},"loc":{"start":{"line":94,"column":14},"end":{"line":96,"column":3}}},"11":{"name":"(anonymous_11)","decl":{"start":{"line":98,"column":2},"end":{"line":98,"column":18}},"loc":{"start":{"line":98,"column":32},"end":{"line":102,"column":3}}},"12":{"name":"(anonymous_12)","decl":{"start":{"line":109,"column":2},"end":{"line":109,"column":18}},"loc":{"start":{"line":109,"column":18},"end":{"line":113,"column":3}}},"13":{"name":"(anonymous_13)","decl":{"start":{"line":115,"column":2},"end":{"line":115,"column":19}},"loc":{"start":{"line":115,"column":80},"end":{"line":125,"column":3}}},"14":{"name":"(anonymous_14)","decl":{"start":{"line":128,"column":2},"end":{"line":128,"column":19}},"loc":{"start":{"line":128,"column":35},"end":{"line":132,"column":3}}},"15":{"name":"(anonymous_15)","decl":{"start":{"line":134,"column":2},"end":{"line":134,"column":22}},"loc":{"start":{"line":134,"column":94},"end":{"line":143,"column":3}}},"16":{"name":"(anonymous_16)","decl":{"start":{"line":137,"column":43},"end":{"line":137,"column":44}},"loc":{"start":{"line":137,"column":48},"end":{"line":137,"column":110}}},"17":{"name":"(anonymous_17)","decl":{"start":{"line":145,"column":2},"end":{"line":145,"column":19}},"loc":{"start":{"line":145,"column":19},"end":{"line":147,"column":3}}},"18":{"name":"(anonymous_18)","decl":{"start":{"line":155,"column":2},"end":{"line":155,"column":17}},"loc":{"start":{"line":155,"column":31},"end":{"line":165,"column":3}}},"19":{"name":"(anonymous_19)","decl":{"start":{"line":175,"column":2},"end":{"line":175,"column":14}},"loc":{"start":{"line":175,"column":30},"end":{"line":178,"column":3}}},"20":{"name":"(anonymous_20)","decl":{"start":{"line":180,"column":2},"end":{"line":180,"column":5}},"loc":{"start":{"line":180,"column":19},"end":{"line":188,"column":3}}},"21":{"name":"(anonymous_21)","decl":{"start":{"line":191,"column":2},"end":{"line":191,"column":14}},"loc":{"start":{"line":191,"column":14},"end":{"line":199,"column":3}}},"22":{"name":"(anonymous_22)","decl":{"start":{"line":201,"column":2},"end":{"line":201,"column":16}},"loc":{"start":{"line":201,"column":16},"end":{"line":214,"column":3}}}},"branchMap":{"0":{"loc":{"start":{"line":117,"column":4},"end":{"line":120,"column":5}},"type":"if","locations":[{"start":{"line":117,"column":4},"end":{"line":120,"column":5}}]},"1":{"loc":{"start":{"line":122,"column":4},"end":{"line":124,"column":5}},"type":"if","locations":[{"start":{"line":122,"column":4},"end":{"line":124,"column":5}}]},"2":{"loc":{"start":{"line":137,"column":48},"end":{"line":137,"column":110}},"type":"binary-expr","locations":[{"start":{"line":137,"column":48},"end":{"line":137,"column":85}},{"start":{"line":137,"column":89},"end":{"line":137,"column":110}}]},"3":{"loc":{"start":{"line":138,"column":4},"end":{"line":142,"column":5}},"type":"if","locations":[{"start":{"line":138,"column":4},"end":{"line":142,"column":5}},{"start":{"line":140,"column":11},"end":{"line":142,"column":5}}]},"4":{"loc":{"start":{"line":139,"column":70},"end":{"line":139,"column":82}},"type":"binary-expr","locations":[{"start":{"line":139,"column":70},"end":{"line":139,"column":77}},{"start":{"line":139,"column":81},"end":{"line":139,"column":82}}]},"5":{"loc":{"start":{"line":141,"column":66},"end":{"line":141,"column":78}},"type":"binary-expr","locations":[{"start":{"line":141,"column":66},"end":{"line":141,"column":73}},{"start":{"line":141,"column":77},"end":{"line":141,"column":78}}]},"6":{"loc":{"start":{"line":183,"column":4},"end":{"line":187,"column":5}},"type":"if","locations":[{"start":{"line":183,"column":4},"end":{"line":187,"column":5}},{"start":{"line":185,"column":11},"end":{"line":187,"column":5}}]},"7":{"loc":{"start":{"line":192,"column":4},"end":{"line":192,"column":35}},"type":"if","locations":[{"start":{"line":192,"column":4},"end":{"line":192,"column":35}}]},"8":{"loc":{"start":{"line":202,"column":4},"end":{"line":202,"column":33}},"type":"if","locations":[{"start":{"line":202,"column":4},"end":{"line":202,"column":33}}]}},"s":{"0":13,"1":13,"2":13,"3":13,"4":13,"5":13,"6":13,"7":13,"8":13,"9":13,"10":13,"11":13,"12":13,"13":1,"14":0,"15":0,"16":0,"17":7,"18":7,"19":6,"20":2,"21":2,"22":1,"23":1,"24":6,"25":6,"26":6,"27":0,"28":0,"29":0,"30":13,"31":13,"32":4,"33":4,"34":13,"35":2,"36":1,"37":1,"38":1,"39":1,"40":0,"41":1,"42":0,"43":1,"44":1,"45":1,"46":1,"47":1,"48":2,"49":19,"50":19,"51":19,"52":19,"53":23,"54":23,"55":23,"56":22,"57":1,"58":14,"59":1,"60":13,"61":13,"62":13,"63":45,"64":13,"65":9,"66":4,"67":5,"68":5,"69":5,"70":5,"71":19,"72":19,"73":5,"74":5,"75":2},"f":{"0":13,"1":1,"2":0,"3":0,"4":7,"5":7,"6":6,"7":2,"8":2,"9":1,"10":1,"11":6,"12":0,"13":13,"14":1,"15":1,"16":0,"17":1,"18":1,"19":19,"20":23,"21":14,"22":9},"b":{"0":[4],"1":[2],"2":[0,0],"3":[0,1],"4":[0,0],"5":[1,0],"6":[22,1],"7":[1],"8":[4]}}
}
