TN:
SF:src\data_management\DataManager.ts
FN:32,(anonymous_0)
FN:57,(anonymous_1)
FN:61,(anonymous_2)
FN:65,(anonymous_3)
FN:69,(anonymous_4)
FN:73,(anonymous_5)
FN:77,(anonymous_6)
FN:81,(anonymous_7)
FN:85,(anonymous_8)
FN:89,(anonymous_9)
FN:93,(anonymous_10)
FN:104,(anonymous_11)
FN:110,(anonymous_12)
FN:123,(anonymous_13)
FN:129,(anonymous_14)
FN:132,(anonymous_15)
FN:140,(anonymous_16)
FN:150,(anonymous_17)
FN:170,(anonymous_18)
FN:175,(anonymous_19)
FN:186,(anonymous_20)
FN:196,(anonymous_21)
FNF:22
FNH:22
FNDA:20,(anonymous_0)
FNDA:1,(anonymous_1)
FNDA:1,(anonymous_2)
FNDA:7,(anonymous_3)
FNDA:7,(anonymous_4)
FNDA:6,(anonymous_5)
FNDA:2,(anonymous_6)
FNDA:2,(anonymous_7)
FNDA:1,(anonymous_8)
FNDA:6,(anonymous_9)
FNDA:6,(anonymous_10)
FNDA:1,(anonymous_11)
FNDA:14,(anonymous_12)
FNDA:1,(anonymous_13)
FNDA:8,(anonymous_14)
FNDA:3,(anonymous_15)
FNDA:1,(anonymous_16)
FNDA:2,(anonymous_17)
FNDA:26,(anonymous_18)
FNDA:23,(anonymous_19)
FNDA:14,(anonymous_20)
FNDA:9,(anonymous_21)
DA:17,2
DA:33,20
DA:34,20
DA:35,20
DA:41,20
DA:42,20
DA:43,20
DA:44,20
DA:45,20
DA:46,20
DA:47,20
DA:48,20
DA:49,20
DA:50,20
DA:58,1
DA:62,1
DA:66,7
DA:70,7
DA:74,6
DA:78,2
DA:82,2
DA:86,1
DA:90,6
DA:94,6
DA:95,6
DA:96,6
DA:105,1
DA:106,1
DA:107,1
DA:111,14
DA:112,14
DA:113,5
DA:114,5
DA:117,14
DA:118,2
DA:124,1
DA:126,1
DA:130,8
DA:132,8
DA:133,8
DA:134,2
DA:136,6
DA:141,1
DA:151,2
DA:152,2
DA:159,2
DA:164,2
DA:167,26
DA:168,26
DA:171,26
DA:172,26
DA:176,23
DA:177,23
DA:178,23
DA:179,22
DA:181,1
DA:187,14
DA:188,13
DA:189,13
DA:190,45
DA:193,13
DA:197,9
DA:199,5
DA:200,5
DA:202,5
DA:203,19
DA:204,19
DA:207,5
DA:208,5
LF:69
LH:69
BRDA:112,0,0,5
BRDA:117,1,0,2
BRDA:132,2,0,3
BRDA:132,2,1,2
BRDA:133,3,0,2
BRDA:133,3,1,6
BRDA:134,4,0,2
BRDA:134,4,1,1
BRDA:136,5,0,6
BRDA:136,5,1,1
BRDA:178,6,0,22
BRDA:178,6,1,1
BRDA:187,7,0,1
BRDA:197,8,0,4
BRF:14
BRH:14
end_of_record
