TN:
SF:src\data_management\DataManager.ts
FN:32,(anonymous_0)
FN:57,(anonymous_1)
FN:61,(anonymous_2)
FN:65,(anonymous_3)
FN:70,(anonymous_4)
FN:74,(anonymous_5)
FN:78,(anonymous_6)
FN:82,(anonymous_7)
FN:86,(anonymous_8)
FN:90,(anonymous_9)
FN:94,(anonymous_10)
FN:98,(anonymous_11)
FN:109,(anonymous_12)
FN:115,(anonymous_13)
FN:128,(anonymous_14)
FN:134,(anonymous_15)
FN:137,(anonymous_16)
FN:145,(anonymous_17)
FN:155,(anonymous_18)
FN:175,(anonymous_19)
FN:180,(anonymous_20)
FN:191,(anonymous_21)
FN:201,(anonymous_22)
FNF:23
FNH:19
FNDA:13,(anonymous_0)
FNDA:1,(anonymous_1)
FNDA:0,(anonymous_2)
FNDA:0,(anonymous_3)
FNDA:7,(anonymous_4)
FNDA:7,(anonymous_5)
FNDA:6,(anonymous_6)
FNDA:2,(anonymous_7)
FNDA:2,(anonymous_8)
FNDA:1,(anonymous_9)
FNDA:1,(anonymous_10)
FNDA:6,(anonymous_11)
FNDA:0,(anonymous_12)
FNDA:13,(anonymous_13)
FNDA:1,(anonymous_14)
FNDA:1,(anonymous_15)
FNDA:0,(anonymous_16)
FNDA:1,(anonymous_17)
FNDA:1,(anonymous_18)
FNDA:19,(anonymous_19)
FNDA:23,(anonymous_20)
FNDA:14,(anonymous_21)
FNDA:9,(anonymous_22)
DA:17,2
DA:33,13
DA:34,13
DA:35,13
DA:41,13
DA:42,13
DA:43,13
DA:44,13
DA:45,13
DA:46,13
DA:47,13
DA:48,13
DA:49,13
DA:50,13
DA:58,1
DA:62,0
DA:66,0
DA:67,0
DA:71,7
DA:75,7
DA:79,6
DA:83,2
DA:87,2
DA:91,1
DA:95,1
DA:99,6
DA:100,6
DA:101,6
DA:110,0
DA:111,0
DA:112,0
DA:116,13
DA:117,13
DA:118,4
DA:119,4
DA:122,13
DA:123,2
DA:129,1
DA:131,1
DA:135,1
DA:137,1
DA:138,1
DA:139,0
DA:141,1
DA:146,1
DA:156,1
DA:157,1
DA:164,1
DA:169,2
DA:172,19
DA:173,19
DA:176,19
DA:177,19
DA:181,23
DA:182,23
DA:183,23
DA:184,22
DA:186,1
DA:192,14
DA:193,13
DA:194,13
DA:195,45
DA:198,13
DA:202,9
DA:204,5
DA:205,5
DA:207,5
DA:208,19
DA:209,19
DA:212,5
DA:213,5
LF:71
LH:64
BRDA:117,0,0,4
BRDA:122,1,0,2
BRDA:137,2,0,0
BRDA:137,2,1,0
BRDA:138,3,0,0
BRDA:138,3,1,1
BRDA:139,4,0,0
BRDA:139,4,1,0
BRDA:141,5,0,1
BRDA:141,5,1,0
BRDA:183,6,0,22
BRDA:183,6,1,1
BRDA:192,7,0,1
BRDA:202,8,0,4
BRF:14
BRH:8
end_of_record
